<?xml version="1.0" encoding="UTF-8"?>
<testsuites name="KawanLama Test" time="280.482" tests="8" failures="2" errors="0">
   <testsuite name="KawanLama Test" tests="8" failures="2" errors="0" time="280.482" skipped="0" timestamp="2025-10-30T15:09:24.730Z" hostname="fina - mac" id="Test Suites/KawanLama Test">
      <properties>
         <property name="deviceName" value=""/>
         <property name="devicePlatform"/>
         <property name="logFolder" value="/Users/fina/Downloads/angga-main-kawanlama/Reports/20251030_220923/KawanLama Test/20251030_220923"/>
         <property name="logFiles" value="/Users/fina/Downloads/angga-main-kawanlama/Reports/20251030_220923/KawanLama Test/20251030_220923/execution0.log, /Users/fina/Downloads/angga-main-kawanlama/Reports/20251030_220923/KawanLama Test/20251030_220923/console0.log"/>
         <property name="attachments" value="/Users/fina/Downloads/angga-main-kawanlama/Reports/20251030_220923/KawanLama Test/20251030_220923/1761836993881.png, /Users/fina/Downloads/angga-main-kawanlama/Reports/20251030_220923/KawanLama Test/20251030_220923/1761837012129.png, /Users/fina/Downloads/angga-main-kawanlama/Reports/20251030_220923/KawanLama Test/20251030_220923/1761837080379.png, /Users/fina/Downloads/angga-main-kawanlama/Reports/20251030_220923/KawanLama Test/20251030_220923/1761837080486.png, /Users/fina/Downloads/angga-main-kawanlama/Reports/20251030_220923/KawanLama Test/20251030_220923/1761837091534.png, /Users/fina/Downloads/angga-main-kawanlama/Reports/20251030_220923/KawanLama Test/20251030_220923/1761837091627.png, /Users/fina/Downloads/angga-main-kawanlama/Reports/20251030_220923/KawanLama Test/20251030_220923/1761837113585.png, /Users/fina/Downloads/angga-main-kawanlama/Reports/20251030_220923/KawanLama Test/20251030_220923/1761837113687.png, /Users/fina/Downloads/angga-main-kawanlama/Reports/20251030_220923/KawanLama Test/20251030_220923/1761837136955.png, /Users/fina/Downloads/angga-main-kawanlama/Reports/20251030_220923/KawanLama Test/20251030_220923/1761837137045.png, /Users/fina/Downloads/angga-main-kawanlama/Reports/20251030_220923/KawanLama Test/20251030_220923/1761837176839.png, /Users/fina/Downloads/angga-main-kawanlama/Reports/20251030_220923/KawanLama Test/20251030_220923/1761837176934.png, /Users/fina/Downloads/angga-main-kawanlama/Reports/20251030_220923/KawanLama Test/20251030_220923/1761837199214.png, /Users/fina/Downloads/angga-main-kawanlama/Reports/20251030_220923/KawanLama Test/20251030_220923/1761837199322.png, /Users/fina/Downloads/angga-main-kawanlama/Reports/20251030_220923/KawanLama Test/20251030_220923/1761837222689.png, /Users/fina/Downloads/angga-main-kawanlama/Reports/20251030_220923/KawanLama Test/20251030_220923/1761837222799.png, /Users/fina/Downloads/angga-main-kawanlama/Reports/20251030_220923/KawanLama Test/20251030_220923/1761837244996.png, /Users/fina/Downloads/angga-main-kawanlama/Reports/20251030_220923/KawanLama Test/20251030_220923/1761837245121.png"/>
         <property name="hostName" value="fina - mac"/>
         <property name="os" value="Mac OS X 64bit"/>
         <property name="katalonVersion" value="10.3.2.0"/>
         <property name="browser" value="Chrome 141.0.7390.123"/>
         <property name="userFullName" value="Angga Cikal Anjani"/>
         <property name="hostAddress" value="192.168.50.139"/>
         <property name="sessionId" value="53f99a81a91d792a8fa9f2ac33fc2475"/>
         <property name="projectName" value="Kawanlama Test"/>
         <property name="seleniumVersion" value="4.28.1"/>
         <property name="proxyInformation" value="ProxyInformation { proxyOption=NO_PROXY, proxyServerType=HTTP, username=, password=********, proxyServerAddress=, proxyServerPort=0, executionList=&quot;&quot;, isApplyToDesiredCapabilities=true }"/>
         <property name="platform" value="Mac OS X"/>
      </properties>
      <testcase name="Test Cases/Login/Valid Login" time="10.751" classname="Test Cases/Login/Valid Login" status="PASSED">
         <system-out><![CDATA[30-10-2025T22:09:24 - [TEST_CASE][PASSED] - Test Cases/Login/Valid Login: Test Cases/Login/Valid Login

30-10-2025T22:09:25 - [TEST_STEP][PASSED] - openBrowser(""): Browser is opened with url: ''

30-10-2025T22:09:25 - [MESSAGE][INFO] - Starting 'Chrome' driver

30-10-2025T22:09:25 - [MESSAGE][INFO] - Action delay is set to 0 milliseconds

30-10-2025T22:09:29 - [MESSAGE][PASSED] - Browser is opened with url: ''

30-10-2025T22:09:29 - [TEST_STEP][PASSED] - navigateToUrl("https://katalon-demo-cura.herokuapp.com/"): Navigate to 'https://katalon-demo-cura.herokuapp.com/' successfully

30-10-2025T22:09:31 - [MESSAGE][PASSED] - Navigate to 'https://katalon-demo-cura.herokuapp.com/' successfully

30-10-2025T22:09:31 - [TEST_STEP][PASSED] - click(findTestObject("Login Page/main_menu_toggle")): Object: 'Object Repository/Login Page/main_menu_toggle' is clicked on

30-10-2025T22:09:32 - [MESSAGE][PASSED] - Object: 'Object Repository/Login Page/main_menu_toggle' is clicked on

30-10-2025T22:09:32 - [TEST_STEP][PASSED] - click(findTestObject("Login Page/login_menu")): Object: 'Object Repository/Login Page/login_menu' is clicked on

30-10-2025T22:09:33 - [MESSAGE][PASSED] - Object: 'Object Repository/Login Page/login_menu' is clicked on

30-10-2025T22:09:33 - [TEST_STEP][PASSED] - setText(findTestObject("Login Page/input_username"), findTestData("Login User").getValue(1, 1)): Text 'John Doe' is set on object 'Object Repository/Login Page/input_username'

30-10-2025T22:09:33 - [MESSAGE][PASSED] - Text 'John Doe' is set on object 'Object Repository/Login Page/input_username'

30-10-2025T22:09:33 - [TEST_STEP][PASSED] - setText(findTestObject("Login Page/input_password"), findTestData("Login User").getValue(2, 1)): Text 'ThisIsNotAPassword' is set on object 'Object Repository/Login Page/input_password'

30-10-2025T22:09:34 - [MESSAGE][PASSED] - Text 'ThisIsNotAPassword' is set on object 'Object Repository/Login Page/input_password'

30-10-2025T22:09:34 - [TEST_STEP][PASSED] - click(findTestObject("Login Page/button_Login")): Object: 'Object Repository/Login Page/button_Login' is clicked on

30-10-2025T22:09:35 - [MESSAGE][PASSED] - Object: 'Object Repository/Login Page/button_Login' is clicked on

30-10-2025T22:09:35 - [TEST_STEP][PASSED] - verifyElementPresent(findTestObject("Login Page/title_make_appointment"), 10): Object 'Object Repository/Login Page/title_make_appointment' is present

30-10-2025T22:09:35 - [MESSAGE][PASSED] - Object 'Object Repository/Login Page/title_make_appointment' is present

30-10-2025T22:09:35 - [TEST_STEP][PASSED] - closeBrowser(): Browser is closed

30-10-2025T22:09:35 - [MESSAGE][PASSED] - Browser is closed]]></system-out>
         <system-err><![CDATA[]]></system-err>
      </testcase>
      <testcase name="Test Cases/Login/Logout" time="16.516" classname="Test Cases/Login/Logout" status="PASSED">
         <system-out><![CDATA[30-10-2025T22:10:12 - [TEST_CASE][PASSED] - Test Cases/Login/Logout: Test Cases/Login/Logout

30-10-2025T22:10:12 - [TEST_STEP][PASSED] - openBrowser(""): Browser is opened with url: ''

30-10-2025T22:10:12 - [MESSAGE][WARNING] - A browser is already opened. Closing browser and opening a new one

30-10-2025T22:10:12 - [MESSAGE][INFO] - Starting 'Chrome' driver

30-10-2025T22:10:12 - [MESSAGE][INFO] - Action delay is set to 0 milliseconds

30-10-2025T22:10:13 - [MESSAGE][PASSED] - Browser is opened with url: ''

30-10-2025T22:10:13 - [TEST_STEP][PASSED] - navigateToUrl("https://katalon-demo-cura.herokuapp.com/"): Navigate to 'https://katalon-demo-cura.herokuapp.com/' successfully

30-10-2025T22:10:16 - [MESSAGE][PASSED] - Navigate to 'https://katalon-demo-cura.herokuapp.com/' successfully

30-10-2025T22:10:16 - [TEST_STEP][PASSED] - click(findTestObject("Login Page/main_menu_toggle")): Object: 'Object Repository/Login Page/main_menu_toggle' is clicked on

30-10-2025T22:10:16 - [MESSAGE][PASSED] - Object: 'Object Repository/Login Page/main_menu_toggle' is clicked on

30-10-2025T22:10:16 - [TEST_STEP][PASSED] - click(findTestObject("Login Page/login_menu")): Object: 'Object Repository/Login Page/login_menu' is clicked on

30-10-2025T22:10:17 - [MESSAGE][PASSED] - Object: 'Object Repository/Login Page/login_menu' is clicked on

30-10-2025T22:10:17 - [TEST_STEP][PASSED] - setText(findTestObject("Login Page/input_username"), findTestData("Login User").getValue(1, 1)): Text 'John Doe' is set on object 'Object Repository/Login Page/input_username'

30-10-2025T22:10:18 - [MESSAGE][PASSED] - Text 'John Doe' is set on object 'Object Repository/Login Page/input_username'

30-10-2025T22:10:18 - [TEST_STEP][PASSED] - setText(findTestObject("Login Page/input_password"), findTestData("Login User").getValue(2, 1)): Text 'ThisIsNotAPassword' is set on object 'Object Repository/Login Page/input_password'

30-10-2025T22:10:18 - [MESSAGE][PASSED] - Text 'ThisIsNotAPassword' is set on object 'Object Repository/Login Page/input_password'

30-10-2025T22:10:18 - [TEST_STEP][PASSED] - click(findTestObject("Login Page/button_Login")): Object: 'Object Repository/Login Page/button_Login' is clicked on

30-10-2025T22:10:18 - [MESSAGE][PASSED] - Object: 'Object Repository/Login Page/button_Login' is clicked on

30-10-2025T22:10:18 - [TEST_STEP][PASSED] - verifyElementPresent(findTestObject("Login Page/title_make_appointment"), 10): Object 'Object Repository/Login Page/title_make_appointment' is present

30-10-2025T22:10:19 - [MESSAGE][PASSED] - Object 'Object Repository/Login Page/title_make_appointment' is present

30-10-2025T22:10:19 - [TEST_STEP][PASSED] - click(findTestObject("Login Page/main_menu_toggle")): Object: 'Object Repository/Login Page/main_menu_toggle' is clicked on

30-10-2025T22:10:20 - [MESSAGE][PASSED] - Object: 'Object Repository/Login Page/main_menu_toggle' is clicked on

30-10-2025T22:10:20 - [TEST_STEP][PASSED] - click(findTestObject("Login Page/logout_button")): Object: 'Object Repository/Login Page/logout_button' is clicked on

30-10-2025T22:10:28 - [MESSAGE][PASSED] - Object: 'Object Repository/Login Page/logout_button' is clicked on

30-10-2025T22:10:28 - [TEST_STEP][PASSED] - verifyElementPresent(findTestObject("Login Page/main_page_verify"), 10): Object 'Object Repository/Login Page/main_page_verify' is present

30-10-2025T22:10:28 - [MESSAGE][PASSED] - Object 'Object Repository/Login Page/main_page_verify' is present

30-10-2025T22:10:28 - [TEST_STEP][PASSED] - closeBrowser(): Browser is closed

30-10-2025T22:10:28 - [MESSAGE][PASSED] - Browser is closed]]></system-out>
         <system-err><![CDATA[]]></system-err>
      </testcase>
      <testcase name="Test Cases/Login/Login with Blank Fields" time="7.551" classname="Test Cases/Login/Login with Blank Fields" status="PASSED">
         <system-out><![CDATA[30-10-2025T22:10:28 - [TEST_CASE][PASSED] - Test Cases/Login/Login with Blank Fields: Test Cases/Login/Login with Blank Fields

30-10-2025T22:10:28 - [TEST_STEP][PASSED] - openBrowser(""): Browser is opened with url: ''

30-10-2025T22:10:28 - [MESSAGE][INFO] - Starting 'Chrome' driver

30-10-2025T22:10:28 - [MESSAGE][INFO] - Action delay is set to 0 milliseconds

30-10-2025T22:10:30 - [MESSAGE][PASSED] - Browser is opened with url: ''

30-10-2025T22:10:30 - [TEST_STEP][PASSED] - navigateToUrl("https://katalon-demo-cura.herokuapp.com/"): Navigate to 'https://katalon-demo-cura.herokuapp.com/' successfully

30-10-2025T22:10:31 - [MESSAGE][PASSED] - Navigate to 'https://katalon-demo-cura.herokuapp.com/' successfully

30-10-2025T22:10:31 - [TEST_STEP][PASSED] - click(findTestObject("Login Page/main_menu_toggle")): Object: 'Object Repository/Login Page/main_menu_toggle' is clicked on

30-10-2025T22:10:33 - [MESSAGE][PASSED] - Object: 'Object Repository/Login Page/main_menu_toggle' is clicked on

30-10-2025T22:10:33 - [TEST_STEP][PASSED] - click(findTestObject("Login Page/login_menu")): Object: 'Object Repository/Login Page/login_menu' is clicked on

30-10-2025T22:10:33 - [MESSAGE][PASSED] - Object: 'Object Repository/Login Page/login_menu' is clicked on

30-10-2025T22:10:33 - [TEST_STEP][PASSED] - setText(findTestObject("Login Page/input_username"), ""): Text '' is set on object 'Object Repository/Login Page/input_username'

30-10-2025T22:10:34 - [MESSAGE][PASSED] - Text '' is set on object 'Object Repository/Login Page/input_username'

30-10-2025T22:10:34 - [TEST_STEP][PASSED] - setText(findTestObject("Login Page/input_password"), ""): Text '' is set on object 'Object Repository/Login Page/input_password'

30-10-2025T22:10:34 - [MESSAGE][PASSED] - Text '' is set on object 'Object Repository/Login Page/input_password'

30-10-2025T22:10:34 - [TEST_STEP][PASSED] - click(findTestObject("Login Page/button_Login")): Object: 'Object Repository/Login Page/button_Login' is clicked on

30-10-2025T22:10:35 - [MESSAGE][PASSED] - Object: 'Object Repository/Login Page/button_Login' is clicked on

30-10-2025T22:10:35 - [TEST_STEP][PASSED] - verifyElementPresent(findTestObject("Login Page/error_message"), 10): Object 'Object Repository/Login Page/error_message' is present

30-10-2025T22:10:36 - [MESSAGE][PASSED] - Object 'Object Repository/Login Page/error_message' is present

30-10-2025T22:10:36 - [TEST_STEP][PASSED] - closeBrowser(): Browser is closed

30-10-2025T22:10:36 - [MESSAGE][PASSED] - Browser is closed]]></system-out>
         <system-err><![CDATA[]]></system-err>
      </testcase>
      <testcase name="Test Cases/Login/Invalid Login" time="7.819" classname="Test Cases/Login/Invalid Login" status="PASSED">
         <system-out><![CDATA[30-10-2025T22:10:36 - [TEST_CASE][PASSED] - Test Cases/Login/Invalid Login: Test Cases/Login/Invalid Login

30-10-2025T22:10:36 - [TEST_STEP][PASSED] - openBrowser(""): Browser is opened with url: ''

30-10-2025T22:10:36 - [MESSAGE][INFO] - Starting 'Chrome' driver

30-10-2025T22:10:36 - [MESSAGE][INFO] - Action delay is set to 0 milliseconds

30-10-2025T22:10:37 - [MESSAGE][PASSED] - Browser is opened with url: ''

30-10-2025T22:10:37 - [TEST_STEP][PASSED] - navigateToUrl("https://katalon-demo-cura.herokuapp.com/"): Navigate to 'https://katalon-demo-cura.herokuapp.com/' successfully

30-10-2025T22:10:40 - [MESSAGE][PASSED] - Navigate to 'https://katalon-demo-cura.herokuapp.com/' successfully

30-10-2025T22:10:40 - [TEST_STEP][PASSED] - click(findTestObject("Login Page/main_menu_toggle")): Object: 'Object Repository/Login Page/main_menu_toggle' is clicked on

30-10-2025T22:10:40 - [MESSAGE][PASSED] - Object: 'Object Repository/Login Page/main_menu_toggle' is clicked on

30-10-2025T22:10:40 - [TEST_STEP][PASSED] - click(findTestObject("Login Page/login_menu")): Object: 'Object Repository/Login Page/login_menu' is clicked on

30-10-2025T22:10:41 - [MESSAGE][PASSED] - Object: 'Object Repository/Login Page/login_menu' is clicked on

30-10-2025T22:10:41 - [TEST_STEP][PASSED] - setText(findTestObject("Login Page/input_username"), findTestData("Login User").getValue(3, 1)): Text 'InvalidUser' is set on object 'Object Repository/Login Page/input_username'

30-10-2025T22:10:42 - [MESSAGE][PASSED] - Text 'InvalidUser' is set on object 'Object Repository/Login Page/input_username'

30-10-2025T22:10:42 - [TEST_STEP][PASSED] - setText(findTestObject("Login Page/input_password"), findTestData("Login User").getValue(4, 1)): Text 'InvalidPassword' is set on object 'Object Repository/Login Page/input_password'

30-10-2025T22:10:42 - [MESSAGE][PASSED] - Text 'InvalidPassword' is set on object 'Object Repository/Login Page/input_password'

30-10-2025T22:10:42 - [TEST_STEP][PASSED] - click(findTestObject("Login Page/button_Login")): Object: 'Object Repository/Login Page/button_Login' is clicked on

30-10-2025T22:10:43 - [MESSAGE][PASSED] - Object: 'Object Repository/Login Page/button_Login' is clicked on

30-10-2025T22:10:43 - [TEST_STEP][PASSED] - verifyElementPresent(findTestObject("Login Page/error_message"), 10): Object 'Object Repository/Login Page/error_message' is present

30-10-2025T22:10:44 - [MESSAGE][PASSED] - Object 'Object Repository/Login Page/error_message' is present

30-10-2025T22:10:44 - [TEST_STEP][PASSED] - closeBrowser(): Browser is closed

30-10-2025T22:10:44 - [MESSAGE][PASSED] - Browser is closed]]></system-out>
         <system-err><![CDATA[]]></system-err>
      </testcase>
      <testcase name="Test Cases/Login/Access Secure Pages After Logout" time="13.313" classname="Test Cases/Login/Access Secure Pages After Logout" status="PASSED">
         <system-out><![CDATA[30-10-2025T22:10:44 - [TEST_CASE][PASSED] - Test Cases/Login/Access Secure Pages After Logout: Test Cases/Login/Access Secure Pages After Logout

30-10-2025T22:10:44 - [TEST_STEP][PASSED] - openBrowser(""): Browser is opened with url: ''

30-10-2025T22:10:44 - [MESSAGE][INFO] - Starting 'Chrome' driver

30-10-2025T22:10:44 - [MESSAGE][INFO] - Action delay is set to 0 milliseconds

30-10-2025T22:10:45 - [MESSAGE][PASSED] - Browser is opened with url: ''

30-10-2025T22:10:45 - [TEST_STEP][PASSED] - navigateToUrl("https://katalon-demo-cura.herokuapp.com/"): Navigate to 'https://katalon-demo-cura.herokuapp.com/' successfully

30-10-2025T22:10:46 - [MESSAGE][PASSED] - Navigate to 'https://katalon-demo-cura.herokuapp.com/' successfully

30-10-2025T22:10:46 - [TEST_STEP][PASSED] - click(findTestObject("Login Page/main_menu_toggle")): Object: 'Object Repository/Login Page/main_menu_toggle' is clicked on

30-10-2025T22:10:48 - [MESSAGE][PASSED] - Object: 'Object Repository/Login Page/main_menu_toggle' is clicked on

30-10-2025T22:10:48 - [TEST_STEP][PASSED] - click(findTestObject("Login Page/login_menu")): Object: 'Object Repository/Login Page/login_menu' is clicked on

30-10-2025T22:10:49 - [MESSAGE][PASSED] - Object: 'Object Repository/Login Page/login_menu' is clicked on

30-10-2025T22:10:49 - [TEST_STEP][PASSED] - setText(findTestObject("Login Page/input_username"), findTestData("Login User").getValue(1, 1)): Text 'John Doe' is set on object 'Object Repository/Login Page/input_username'

30-10-2025T22:10:49 - [MESSAGE][PASSED] - Text 'John Doe' is set on object 'Object Repository/Login Page/input_username'

30-10-2025T22:10:49 - [TEST_STEP][PASSED] - setText(findTestObject("Login Page/input_password"), findTestData("Login User").getValue(2, 1)): Text 'ThisIsNotAPassword' is set on object 'Object Repository/Login Page/input_password'

30-10-2025T22:10:50 - [MESSAGE][PASSED] - Text 'ThisIsNotAPassword' is set on object 'Object Repository/Login Page/input_password'

30-10-2025T22:10:50 - [TEST_STEP][PASSED] - click(findTestObject("Login Page/button_Login")): Object: 'Object Repository/Login Page/button_Login' is clicked on

30-10-2025T22:10:50 - [MESSAGE][PASSED] - Object: 'Object Repository/Login Page/button_Login' is clicked on

30-10-2025T22:10:50 - [TEST_STEP][PASSED] - click(findTestObject("Login Page/main_menu_toggle")): Object: 'Object Repository/Login Page/main_menu_toggle' is clicked on

30-10-2025T22:10:51 - [MESSAGE][PASSED] - Object: 'Object Repository/Login Page/main_menu_toggle' is clicked on

30-10-2025T22:10:51 - [TEST_STEP][PASSED] - click(findTestObject("Login Page/logout_button")): Object: 'Object Repository/Login Page/logout_button' is clicked on

30-10-2025T22:10:56 - [MESSAGE][PASSED] - Object: 'Object Repository/Login Page/logout_button' is clicked on

30-10-2025T22:10:56 - [TEST_STEP][PASSED] - navigateToUrl("https://katalon-demo-cura.herokuapp.com/#appointment"): Navigate to 'https://katalon-demo-cura.herokuapp.com/#appointment' successfully

30-10-2025T22:10:56 - [MESSAGE][PASSED] - Navigate to 'https://katalon-demo-cura.herokuapp.com/#appointment' successfully

30-10-2025T22:10:56 - [TEST_STEP][PASSED] - verifyElementPresent(findTestObject("Login Page/main_page_verify"), 10): Object 'Object Repository/Login Page/main_page_verify' is present

30-10-2025T22:10:57 - [MESSAGE][PASSED] - Object 'Object Repository/Login Page/main_page_verify' is present

30-10-2025T22:10:57 - [TEST_STEP][PASSED] - closeBrowser(): Browser is closed

30-10-2025T22:10:57 - [MESSAGE][PASSED] - Browser is closed]]></system-out>
         <system-err><![CDATA[]]></system-err>
      </testcase>
      <testcase name="Test Cases/Make Appointment/Successful Appointment Booking" time="23.347" classname="Test Cases/Make Appointment/Successful Appointment Booking" status="FAILED">
         <failure type="FAILED" message="Test Cases/Make Appointment/Successful Appointment Booking FAILED.&#xa;Reason:&#xa;com.kms.katalon.core.exception.StepFailedException: Verify element text of test object 'Object Repository/Make Appointment Page/verify_facility' FAILED.&#xa;	at com.kms.katalon.core.webui.keyword.internal.WebUIKeywordMain.stepFailed(WebUIKeywordMain.groovy:175)&#xa;	at com.kms.katalon.core.webui.keyword.internal.WebUIKeywordMain.runKeyword(WebUIKeywordMain.groovy:49)&#xa;	at com.kms.katalon.core.webui.keyword.builtin.VerifyElementTextKeyword.verifyElementText(VerifyElementTextKeyword.groovy:78)&#xa;	at com.kms.katalon.core.webui.keyword.builtin.VerifyElementTextKeyword.execute(VerifyElementTextKeyword.groovy:39)&#xa;	at com.kms.katalon.core.keyword.internal.KeywordExecutor.executeKeywordForPlatform(KeywordExecutor.groovy:79)&#xa;	at com.kms.katalon.core.webui.keyword.WebUiBuiltInKeywords.verifyElementText(WebUiBuiltInKeywords.groovy:5019)&#xa;	at Successful Appointment Booking.run(Successful Appointment Booking:53)&#xa;	at com.kms.katalon.core.main.ScriptEngine.run(ScriptEngine.java:194)&#xa;	at com.kms.katalon.core.main.ScriptEngine.runScriptAsRawText(ScriptEngine.java:119)&#xa;	at com.kms.katalon.core.main.TestCaseExecutor.runScript(TestCaseExecutor.java:486)&#xa;	at com.kms.katalon.core.main.TestCaseExecutor.doExecute(TestCaseExecutor.java:477)&#xa;	at com.kms.katalon.core.main.TestCaseExecutor.processExecutionPhase(TestCaseExecutor.java:456)&#xa;	at com.kms.katalon.core.main.TestCaseExecutor.accessMainPhase(TestCaseExecutor.java:448)&#xa;	at com.kms.katalon.core.main.TestCaseExecutor.execute(TestCaseExecutor.java:322)&#xa;	at com.kms.katalon.core.main.TestCaseExecutor.execute(TestCaseExecutor.java:406)&#xa;	at com.kms.katalon.core.main.TestCaseExecutor.execute(TestCaseExecutor.java:406)&#xa;	at com.kms.katalon.core.main.TestCaseExecutor.execute(TestCaseExecutor.java:406)&#xa;	at com.kms.katalon.core.common.CommonExecutor.accessTestCaseMainPhase(CommonExecutor.java:71)&#xa;	at com.kms.katalon.core.main.TestSuiteExecutor.accessTestSuiteMainPhase(TestSuiteExecutor.java:145)&#xa;	at com.kms.katalon.core.main.TestSuiteExecutor.execute(TestSuiteExecutor.java:104)&#xa;	at com.kms.katalon.core.main.TestCaseMain.startTestSuite(TestCaseMain.java:205)&#xa;	at TempTestSuite1761836963273.run(TempTestSuite1761836963273.groovy:35)&#xa;	at java.base/jdk.internal.reflect.NativeMethodAccessorImpl.invoke0(Native Method)&#xa;	at java.base/jdk.internal.reflect.NativeMethodAccessorImpl.invoke(NativeMethodAccessorImpl.java:77)&#xa;	at java.base/jdk.internal.reflect.DelegatingMethodAccessorImpl.invoke(DelegatingMethodAccessorImpl.java:43)&#xa;Caused by: com.kms.katalon.core.exception.StepFailedException: com.kms.katalon.core.webui.exception.WebElementNotFoundException: Web element with id: 'Object Repository/Make Appointment Page/verify_facility' located by '//p[@id='facility']' not found&#xa;	at com.kms.katalon.core.webui.keyword.internal.WebUIKeywordMain.stepFailed(WebUIKeywordMain.groovy:175)&#xa;	at com.kms.katalon.core.webui.keyword.builtin.VerifyElementTextKeyword$_verifyElementText_closure1.doCall(VerifyElementTextKeyword.groovy:70)&#xa;	at com.kms.katalon.core.webui.keyword.builtin.VerifyElementTextKeyword$_verifyElementText_closure1.call(VerifyElementTextKeyword.groovy)&#xa;	at com.kms.katalon.core.webui.keyword.internal.WebUIKeywordMain.runKeyword(WebUIKeywordMain.groovy:41)&#xa;	... 23 more&#xa;"/>
         <system-out><![CDATA[30-10-2025T22:11:53 - [TEST_CASE][FAILED] - Test Cases/Make Appointment/Successful Appointment Booking: Test Cases/Make Appointment/Successful Appointment Booking FAILED.
Reason:
com.kms.katalon.core.exception.StepFailedException: Verify element text of test object 'Object Repository/Make Appointment Page/verify_facility' FAILED.
	at com.kms.katalon.core.webui.keyword.internal.WebUIKeywordMain.stepFailed(WebUIKeywordMain.groovy:175)
	at com.kms.katalon.core.webui.keyword.internal.WebUIKeywordMain.runKeyword(WebUIKeywordMain.groovy:49)
	at com.kms.katalon.core.webui.keyword.builtin.VerifyElementTextKeyword.verifyElementText(VerifyElementTextKeyword.groovy:78)
	at com.kms.katalon.core.webui.keyword.builtin.VerifyElementTextKeyword.execute(VerifyElementTextKeyword.groovy:39)
	at com.kms.katalon.core.keyword.internal.KeywordExecutor.executeKeywordForPlatform(KeywordExecutor.groovy:79)
	at com.kms.katalon.core.webui.keyword.WebUiBuiltInKeywords.verifyElementText(WebUiBuiltInKeywords.groovy:5019)
	at Successful Appointment Booking.run(Successful Appointment Booking:53)
	at com.kms.katalon.core.main.ScriptEngine.run(ScriptEngine.java:194)
	at com.kms.katalon.core.main.ScriptEngine.runScriptAsRawText(ScriptEngine.java:119)
	at com.kms.katalon.core.main.TestCaseExecutor.runScript(TestCaseExecutor.java:486)
	at com.kms.katalon.core.main.TestCaseExecutor.doExecute(TestCaseExecutor.java:477)
	at com.kms.katalon.core.main.TestCaseExecutor.processExecutionPhase(TestCaseExecutor.java:456)
	at com.kms.katalon.core.main.TestCaseExecutor.accessMainPhase(TestCaseExecutor.java:448)
	at com.kms.katalon.core.main.TestCaseExecutor.execute(TestCaseExecutor.java:322)
	at com.kms.katalon.core.main.TestCaseExecutor.execute(TestCaseExecutor.java:406)
	at com.kms.katalon.core.main.TestCaseExecutor.execute(TestCaseExecutor.java:406)
	at com.kms.katalon.core.main.TestCaseExecutor.execute(TestCaseExecutor.java:406)
	at com.kms.katalon.core.common.CommonExecutor.accessTestCaseMainPhase(CommonExecutor.java:71)
	at com.kms.katalon.core.main.TestSuiteExecutor.accessTestSuiteMainPhase(TestSuiteExecutor.java:145)
	at com.kms.katalon.core.main.TestSuiteExecutor.execute(TestSuiteExecutor.java:104)
	at com.kms.katalon.core.main.TestCaseMain.startTestSuite(TestCaseMain.java:205)
	at TempTestSuite1761836963273.run(TempTestSuite1761836963273.groovy:35)
	at java.base/jdk.internal.reflect.NativeMethodAccessorImpl.invoke0(Native Method)
	at java.base/jdk.internal.reflect.NativeMethodAccessorImpl.invoke(NativeMethodAccessorImpl.java:77)
	at java.base/jdk.internal.reflect.DelegatingMethodAccessorImpl.invoke(DelegatingMethodAccessorImpl.java:43)
Caused by: com.kms.katalon.core.exception.StepFailedException: com.kms.katalon.core.webui.exception.WebElementNotFoundException: Web element with id: 'Object Repository/Make Appointment Page/verify_facility' located by '//p[@id='facility']' not found
	at com.kms.katalon.core.webui.keyword.internal.WebUIKeywordMain.stepFailed(WebUIKeywordMain.groovy:175)
	at com.kms.katalon.core.webui.keyword.builtin.VerifyElementTextKeyword$_verifyElementText_closure1.doCall(VerifyElementTextKeyword.groovy:70)
	at com.kms.katalon.core.webui.keyword.builtin.VerifyElementTextKeyword$_verifyElementText_closure1.call(VerifyElementTextKeyword.groovy)
	at com.kms.katalon.core.webui.keyword.internal.WebUIKeywordMain.runKeyword(WebUIKeywordMain.groovy:41)
	... 23 more


30-10-2025T22:11:53 - [TEST_STEP][PASSED] - openBrowser(""): Browser is opened with url: ''

30-10-2025T22:11:53 - [MESSAGE][WARNING] - A browser is already opened. Closing browser and opening a new one

30-10-2025T22:11:53 - [MESSAGE][INFO] - Starting 'Chrome' driver

30-10-2025T22:11:53 - [MESSAGE][INFO] - Action delay is set to 0 milliseconds

30-10-2025T22:11:56 - [MESSAGE][PASSED] - Browser is opened with url: ''

30-10-2025T22:11:56 - [TEST_STEP][PASSED] - navigateToUrl("https://katalon-demo-cura.herokuapp.com/"): Navigate to 'https://katalon-demo-cura.herokuapp.com/' successfully

30-10-2025T22:11:59 - [MESSAGE][PASSED] - Navigate to 'https://katalon-demo-cura.herokuapp.com/' successfully

30-10-2025T22:11:59 - [TEST_STEP][PASSED] - click(findTestObject("Login Page/main_menu_toggle")): Object: 'Object Repository/Login Page/main_menu_toggle' is clicked on

30-10-2025T22:12:00 - [MESSAGE][PASSED] - Object: 'Object Repository/Login Page/main_menu_toggle' is clicked on

30-10-2025T22:12:00 - [TEST_STEP][PASSED] - click(findTestObject("Login Page/login_menu")): Object: 'Object Repository/Login Page/login_menu' is clicked on

30-10-2025T22:12:00 - [MESSAGE][PASSED] - Object: 'Object Repository/Login Page/login_menu' is clicked on

30-10-2025T22:12:00 - [TEST_STEP][PASSED] - setText(findTestObject("Login Page/input_username"), findTestData("Login User").getValue(1, 1)): Text 'John Doe' is set on object 'Object Repository/Login Page/input_username'

30-10-2025T22:12:01 - [MESSAGE][PASSED] - Text 'John Doe' is set on object 'Object Repository/Login Page/input_username'

30-10-2025T22:12:01 - [TEST_STEP][PASSED] - setText(findTestObject("Login Page/input_password"), findTestData("Login User").getValue(2, 1)): Text 'ThisIsNotAPassword' is set on object 'Object Repository/Login Page/input_password'

30-10-2025T22:12:02 - [MESSAGE][PASSED] - Text 'ThisIsNotAPassword' is set on object 'Object Repository/Login Page/input_password'

30-10-2025T22:12:02 - [TEST_STEP][PASSED] - click(findTestObject("Login Page/button_Login")): Object: 'Object Repository/Login Page/button_Login' is clicked on

30-10-2025T22:12:02 - [MESSAGE][PASSED] - Object: 'Object Repository/Login Page/button_Login' is clicked on

30-10-2025T22:12:02 - [TEST_STEP][PASSED] - selectOptionByValue(findTestObject("Make Appointment Page/select_facility"), findTestData("Make Appointment").getValue(1, 1), true): All options with value 'Seoul CURA Healthcare Center' are selected in object 'Object Repository/Make Appointment Page/select_facility'  using regular expression

30-10-2025T22:12:03 - [MESSAGE][PASSED] - All options with value 'Seoul CURA Healthcare Center' are selected in object 'Object Repository/Make Appointment Page/select_facility'  using regular expression

30-10-2025T22:12:03 - [TEST_STEP][PASSED] - check(findTestObject("Make Appointment Page/checkbox_hospital_readmission")): Object 'Object Repository/Make Appointment Page/checkbox_hospital_readmission' is checked

30-10-2025T22:12:04 - [MESSAGE][PASSED] - Object 'Object Repository/Make Appointment Page/checkbox_hospital_readmission' is checked

30-10-2025T22:12:04 - [TEST_STEP][PASSED] - check(findTestObject("Make Appointment Page/radio_program_medicare")): Object 'Object Repository/Make Appointment Page/radio_program_medicare' is checked

30-10-2025T22:12:04 - [MESSAGE][PASSED] - Object 'Object Repository/Make Appointment Page/radio_program_medicare' is checked

30-10-2025T22:12:04 - [TEST_STEP][PASSED] - setText(findTestObject("Make Appointment Page/input_visit_date"), findTestData("Make Appointment").getValue(2, 1)): Text '20/11/2024' is set on object 'Object Repository/Make Appointment Page/input_visit_date'

30-10-2025T22:12:04 - [MESSAGE][PASSED] - Text '20/11/2024' is set on object 'Object Repository/Make Appointment Page/input_visit_date'

30-10-2025T22:12:04 - [TEST_STEP][PASSED] - setText(findTestObject("Make Appointment Page/textarea_comment"), findTestData("Make Appointment").getValue(3, 1)): Text 'No comments' is set on object 'Object Repository/Make Appointment Page/textarea_comment'

30-10-2025T22:12:05 - [MESSAGE][PASSED] - Text 'No comments' is set on object 'Object Repository/Make Appointment Page/textarea_comment'

30-10-2025T22:12:05 - [TEST_STEP][PASSED] - click(findTestObject("Make Appointment Page/button_Book Appointment")): Object: 'Object Repository/Make Appointment Page/button_Book Appointment' is clicked on

30-10-2025T22:12:05 - [MESSAGE][PASSED] - Object: 'Object Repository/Make Appointment Page/button_Book Appointment' is clicked on

30-10-2025T22:12:05 - [TEST_STEP][FAILED] - verifyElementText(findTestObject("Make Appointment Page/verify_facility"), findTestData("Make Appointment").getValue(1, 1)): Verify element text of test object 'Object Repository/Make Appointment Page/verify_facility' FAILED. (Root cause: com.kms.katalon.core.exception.StepFailedException: Verify element text of test object 'Object Repository/Make Appointment Page/verify_facility' FAILED.
	at com.kms.katalon.core.webui.keyword.internal.WebUIKeywordMain.stepFailed(WebUIKeywordMain.groovy:175)
	at com.kms.katalon.core.webui.keyword.internal.WebUIKeywordMain.runKeyword(WebUIKeywordMain.groovy:49)
	at com.kms.katalon.core.webui.keyword.builtin.VerifyElementTextKeyword.verifyElementText(VerifyElementTextKeyword.groovy:78)
	at com.kms.katalon.core.webui.keyword.builtin.VerifyElementTextKeyword.execute(VerifyElementTextKeyword.groovy:39)
	at com.kms.katalon.core.keyword.internal.KeywordExecutor.executeKeywordForPlatform(KeywordExecutor.groovy:79)
	at com.kms.katalon.core.webui.keyword.WebUiBuiltInKeywords.verifyElementText(WebUiBuiltInKeywords.groovy:5019)
	at Successful Appointment Booking.run(Successful Appointment Booking:53)
	at com.kms.katalon.core.main.ScriptEngine.run(ScriptEngine.java:194)
	at com.kms.katalon.core.main.ScriptEngine.runScriptAsRawText(ScriptEngine.java:119)
	at com.kms.katalon.core.main.TestCaseExecutor.runScript(TestCaseExecutor.java:486)
	at com.kms.katalon.core.main.TestCaseExecutor.doExecute(TestCaseExecutor.java:477)
	at com.kms.katalon.core.main.TestCaseExecutor.processExecutionPhase(TestCaseExecutor.java:456)
	at com.kms.katalon.core.main.TestCaseExecutor.accessMainPhase(TestCaseExecutor.java:448)
	at com.kms.katalon.core.main.TestCaseExecutor.execute(TestCaseExecutor.java:322)
	at com.kms.katalon.core.main.TestCaseExecutor.execute(TestCaseExecutor.java:406)
	at com.kms.katalon.core.main.TestCaseExecutor.execute(TestCaseExecutor.java:406)
	at com.kms.katalon.core.main.TestCaseExecutor.execute(TestCaseExecutor.java:406)
	at com.kms.katalon.core.common.CommonExecutor.accessTestCaseMainPhase(CommonExecutor.java:71)
	at com.kms.katalon.core.main.TestSuiteExecutor.accessTestSuiteMainPhase(TestSuiteExecutor.java:145)
	at com.kms.katalon.core.main.TestSuiteExecutor.execute(TestSuiteExecutor.java:104)
	at com.kms.katalon.core.main.TestCaseMain.startTestSuite(TestCaseMain.java:205)
	at TempTestSuite1761836963273.run(TempTestSuite1761836963273.groovy:35)
	at java.base/jdk.internal.reflect.NativeMethodAccessorImpl.invoke0(Native Method)
	at java.base/jdk.internal.reflect.NativeMethodAccessorImpl.invoke(NativeMethodAccessorImpl.java:77)
	at java.base/jdk.internal.reflect.DelegatingMethodAccessorImpl.invoke(DelegatingMethodAccessorImpl.java:43)
Caused by: com.kms.katalon.core.exception.StepFailedException: com.kms.katalon.core.webui.exception.WebElementNotFoundException: Web element with id: 'Object Repository/Make Appointment Page/verify_facility' located by '//p[@id='facility']' not found
	at com.kms.katalon.core.webui.keyword.internal.WebUIKeywordMain.stepFailed(WebUIKeywordMain.groovy:175)
	at com.kms.katalon.core.webui.keyword.builtin.VerifyElementTextKeyword$_verifyElementText_closure1.doCall(VerifyElementTextKeyword.groovy:70)
	at com.kms.katalon.core.webui.keyword.builtin.VerifyElementTextKeyword$_verifyElementText_closure1.call(VerifyElementTextKeyword.groovy)
	at com.kms.katalon.core.webui.keyword.internal.WebUIKeywordMain.runKeyword(WebUIKeywordMain.groovy:41)
	... 23 more
)

30-10-2025T22:12:16 - [MESSAGE][INFO] - Unable to find the element located by 'By.xpath: //p[@id='facility']'. Please recheck the objects properties to make sure the desired element is located. 

30-10-2025T22:12:17 - [MESSAGE][FAILED] - com.kms.katalon.core.webui.exception.WebElementNotFoundException: Web element with id: 'Object Repository/Make Appointment Page/verify_facility' located by '//p[@id='facility']' not found (Root cause: com.kms.katalon.core.exception.StepFailedException: com.kms.katalon.core.webui.exception.WebElementNotFoundException: Web element with id: 'Object Repository/Make Appointment Page/verify_facility' located by '//p[@id='facility']' not found
	at com.kms.katalon.core.webui.keyword.internal.WebUIKeywordMain.stepFailed(WebUIKeywordMain.groovy:175)
	at com.kms.katalon.core.webui.keyword.builtin.VerifyElementTextKeyword$_verifyElementText_closure1.doCall(VerifyElementTextKeyword.groovy:70)
	at com.kms.katalon.core.webui.keyword.builtin.VerifyElementTextKeyword$_verifyElementText_closure1.call(VerifyElementTextKeyword.groovy)
	at com.kms.katalon.core.webui.keyword.internal.WebUIKeywordMain.runKeyword(WebUIKeywordMain.groovy:41)
	at com.kms.katalon.core.webui.keyword.builtin.VerifyElementTextKeyword.verifyElementText(VerifyElementTextKeyword.groovy:78)
	at com.kms.katalon.core.webui.keyword.builtin.VerifyElementTextKeyword.execute(VerifyElementTextKeyword.groovy:39)
	at com.kms.katalon.core.keyword.internal.KeywordExecutor.executeKeywordForPlatform(KeywordExecutor.groovy:79)
	at com.kms.katalon.core.webui.keyword.WebUiBuiltInKeywords.verifyElementText(WebUiBuiltInKeywords.groovy:5019)
	at Successful Appointment Booking.run(Successful Appointment Booking:53)
	at com.kms.katalon.core.main.ScriptEngine.run(ScriptEngine.java:194)
	at com.kms.katalon.core.main.ScriptEngine.runScriptAsRawText(ScriptEngine.java:119)
	at com.kms.katalon.core.main.TestCaseExecutor.runScript(TestCaseExecutor.java:486)
	at com.kms.katalon.core.main.TestCaseExecutor.doExecute(TestCaseExecutor.java:477)
	at com.kms.katalon.core.main.TestCaseExecutor.processExecutionPhase(TestCaseExecutor.java:456)
	at com.kms.katalon.core.main.TestCaseExecutor.accessMainPhase(TestCaseExecutor.java:448)
	at com.kms.katalon.core.main.TestCaseExecutor.execute(TestCaseExecutor.java:322)
	at com.kms.katalon.core.main.TestCaseExecutor.execute(TestCaseExecutor.java:406)
	at com.kms.katalon.core.main.TestCaseExecutor.execute(TestCaseExecutor.java:406)
	at com.kms.katalon.core.main.TestCaseExecutor.execute(TestCaseExecutor.java:406)
	at com.kms.katalon.core.common.CommonExecutor.accessTestCaseMainPhase(CommonExecutor.java:71)
	at com.kms.katalon.core.main.TestSuiteExecutor.accessTestSuiteMainPhase(TestSuiteExecutor.java:145)
	at com.kms.katalon.core.main.TestSuiteExecutor.execute(TestSuiteExecutor.java:104)
	at com.kms.katalon.core.main.TestCaseMain.startTestSuite(TestCaseMain.java:205)
	at TempTestSuite1761836963273.run(TempTestSuite1761836963273.groovy:35)
	at java.base/jdk.internal.reflect.NativeMethodAccessorImpl.invoke0(Native Method)
	at java.base/jdk.internal.reflect.NativeMethodAccessorImpl.invoke(NativeMethodAccessorImpl.java:77)
	at java.base/jdk.internal.reflect.DelegatingMethodAccessorImpl.invoke(DelegatingMethodAccessorImpl.java:43)
)
[[ATTACHMENT|/Users/fina/Downloads/angga-main-kawanlama/Reports/20251030_220923/KawanLama Test/20251030_220923/1761837136955.png]]

30-10-2025T22:12:17 - [MESSAGE][FAILED] - Verify element text of test object 'Object Repository/Make Appointment Page/verify_facility' FAILED. (Root cause: com.kms.katalon.core.exception.StepFailedException: Verify element text of test object 'Object Repository/Make Appointment Page/verify_facility' FAILED.
	at com.kms.katalon.core.webui.keyword.internal.WebUIKeywordMain.stepFailed(WebUIKeywordMain.groovy:175)
	at com.kms.katalon.core.webui.keyword.internal.WebUIKeywordMain.runKeyword(WebUIKeywordMain.groovy:49)
	at com.kms.katalon.core.webui.keyword.builtin.VerifyElementTextKeyword.verifyElementText(VerifyElementTextKeyword.groovy:78)
	at com.kms.katalon.core.webui.keyword.builtin.VerifyElementTextKeyword.execute(VerifyElementTextKeyword.groovy:39)
	at com.kms.katalon.core.keyword.internal.KeywordExecutor.executeKeywordForPlatform(KeywordExecutor.groovy:79)
	at com.kms.katalon.core.webui.keyword.WebUiBuiltInKeywords.verifyElementText(WebUiBuiltInKeywords.groovy:5019)
	at Successful Appointment Booking.run(Successful Appointment Booking:53)
	at com.kms.katalon.core.main.ScriptEngine.run(ScriptEngine.java:194)
	at com.kms.katalon.core.main.ScriptEngine.runScriptAsRawText(ScriptEngine.java:119)
	at com.kms.katalon.core.main.TestCaseExecutor.runScript(TestCaseExecutor.java:486)
	at com.kms.katalon.core.main.TestCaseExecutor.doExecute(TestCaseExecutor.java:477)
	at com.kms.katalon.core.main.TestCaseExecutor.processExecutionPhase(TestCaseExecutor.java:456)
	at com.kms.katalon.core.main.TestCaseExecutor.accessMainPhase(TestCaseExecutor.java:448)
	at com.kms.katalon.core.main.TestCaseExecutor.execute(TestCaseExecutor.java:322)
	at com.kms.katalon.core.main.TestCaseExecutor.execute(TestCaseExecutor.java:406)
	at com.kms.katalon.core.main.TestCaseExecutor.execute(TestCaseExecutor.java:406)
	at com.kms.katalon.core.main.TestCaseExecutor.execute(TestCaseExecutor.java:406)
	at com.kms.katalon.core.common.CommonExecutor.accessTestCaseMainPhase(CommonExecutor.java:71)
	at com.kms.katalon.core.main.TestSuiteExecutor.accessTestSuiteMainPhase(TestSuiteExecutor.java:145)
	at com.kms.katalon.core.main.TestSuiteExecutor.execute(TestSuiteExecutor.java:104)
	at com.kms.katalon.core.main.TestCaseMain.startTestSuite(TestCaseMain.java:205)
	at TempTestSuite1761836963273.run(TempTestSuite1761836963273.groovy:35)
	at java.base/jdk.internal.reflect.NativeMethodAccessorImpl.invoke0(Native Method)
	at java.base/jdk.internal.reflect.NativeMethodAccessorImpl.invoke(NativeMethodAccessorImpl.java:77)
	at java.base/jdk.internal.reflect.DelegatingMethodAccessorImpl.invoke(DelegatingMethodAccessorImpl.java:43)
Caused by: com.kms.katalon.core.exception.StepFailedException: com.kms.katalon.core.webui.exception.WebElementNotFoundException: Web element with id: 'Object Repository/Make Appointment Page/verify_facility' located by '//p[@id='facility']' not found
	at com.kms.katalon.core.webui.keyword.internal.WebUIKeywordMain.stepFailed(WebUIKeywordMain.groovy:175)
	at com.kms.katalon.core.webui.keyword.builtin.VerifyElementTextKeyword$_verifyElementText_closure1.doCall(VerifyElementTextKeyword.groovy:70)
	at com.kms.katalon.core.webui.keyword.builtin.VerifyElementTextKeyword$_verifyElementText_closure1.call(VerifyElementTextKeyword.groovy)
	at com.kms.katalon.core.webui.keyword.internal.WebUIKeywordMain.runKeyword(WebUIKeywordMain.groovy:41)
	... 23 more
)
[[ATTACHMENT|/Users/fina/Downloads/angga-main-kawanlama/Reports/20251030_220923/KawanLama Test/20251030_220923/1761837137045.png]]]]></system-out>
         <system-err><![CDATA[30-10-2025T22:11:53 - [TEST_CASE][FAILED] - Test Cases/Make Appointment/Successful Appointment Booking: Test Cases/Make Appointment/Successful Appointment Booking FAILED.
Reason:
com.kms.katalon.core.exception.StepFailedException: Verify element text of test object 'Object Repository/Make Appointment Page/verify_facility' FAILED.
	at com.kms.katalon.core.webui.keyword.internal.WebUIKeywordMain.stepFailed(WebUIKeywordMain.groovy:175)
	at com.kms.katalon.core.webui.keyword.internal.WebUIKeywordMain.runKeyword(WebUIKeywordMain.groovy:49)
	at com.kms.katalon.core.webui.keyword.builtin.VerifyElementTextKeyword.verifyElementText(VerifyElementTextKeyword.groovy:78)
	at com.kms.katalon.core.webui.keyword.builtin.VerifyElementTextKeyword.execute(VerifyElementTextKeyword.groovy:39)
	at com.kms.katalon.core.keyword.internal.KeywordExecutor.executeKeywordForPlatform(KeywordExecutor.groovy:79)
	at com.kms.katalon.core.webui.keyword.WebUiBuiltInKeywords.verifyElementText(WebUiBuiltInKeywords.groovy:5019)
	at Successful Appointment Booking.run(Successful Appointment Booking:53)
	at com.kms.katalon.core.main.ScriptEngine.run(ScriptEngine.java:194)
	at com.kms.katalon.core.main.ScriptEngine.runScriptAsRawText(ScriptEngine.java:119)
	at com.kms.katalon.core.main.TestCaseExecutor.runScript(TestCaseExecutor.java:486)
	at com.kms.katalon.core.main.TestCaseExecutor.doExecute(TestCaseExecutor.java:477)
	at com.kms.katalon.core.main.TestCaseExecutor.processExecutionPhase(TestCaseExecutor.java:456)
	at com.kms.katalon.core.main.TestCaseExecutor.accessMainPhase(TestCaseExecutor.java:448)
	at com.kms.katalon.core.main.TestCaseExecutor.execute(TestCaseExecutor.java:322)
	at com.kms.katalon.core.main.TestCaseExecutor.execute(TestCaseExecutor.java:406)
	at com.kms.katalon.core.main.TestCaseExecutor.execute(TestCaseExecutor.java:406)
	at com.kms.katalon.core.main.TestCaseExecutor.execute(TestCaseExecutor.java:406)
	at com.kms.katalon.core.common.CommonExecutor.accessTestCaseMainPhase(CommonExecutor.java:71)
	at com.kms.katalon.core.main.TestSuiteExecutor.accessTestSuiteMainPhase(TestSuiteExecutor.java:145)
	at com.kms.katalon.core.main.TestSuiteExecutor.execute(TestSuiteExecutor.java:104)
	at com.kms.katalon.core.main.TestCaseMain.startTestSuite(TestCaseMain.java:205)
	at TempTestSuite1761836963273.run(TempTestSuite1761836963273.groovy:35)
	at java.base/jdk.internal.reflect.NativeMethodAccessorImpl.invoke0(Native Method)
	at java.base/jdk.internal.reflect.NativeMethodAccessorImpl.invoke(NativeMethodAccessorImpl.java:77)
	at java.base/jdk.internal.reflect.DelegatingMethodAccessorImpl.invoke(DelegatingMethodAccessorImpl.java:43)
Caused by: com.kms.katalon.core.exception.StepFailedException: com.kms.katalon.core.webui.exception.WebElementNotFoundException: Web element with id: 'Object Repository/Make Appointment Page/verify_facility' located by '//p[@id='facility']' not found
	at com.kms.katalon.core.webui.keyword.internal.WebUIKeywordMain.stepFailed(WebUIKeywordMain.groovy:175)
	at com.kms.katalon.core.webui.keyword.builtin.VerifyElementTextKeyword$_verifyElementText_closure1.doCall(VerifyElementTextKeyword.groovy:70)
	at com.kms.katalon.core.webui.keyword.builtin.VerifyElementTextKeyword$_verifyElementText_closure1.call(VerifyElementTextKeyword.groovy)
	at com.kms.katalon.core.webui.keyword.internal.WebUIKeywordMain.runKeyword(WebUIKeywordMain.groovy:41)
	... 23 more]]></system-err>
      </testcase>
      <testcase name="Test Cases/Make Appointment/Invalid Date Entry" time="16.314" classname="Test Cases/Make Appointment/Invalid Date Entry" status="PASSED">
         <system-out><![CDATA[30-10-2025T22:12:17 - [TEST_CASE][PASSED] - Test Cases/Make Appointment/Invalid Date Entry: Test Cases/Make Appointment/Invalid Date Entry

30-10-2025T22:12:17 - [TEST_STEP][PASSED] - openBrowser(""): Browser is opened with url: ''

30-10-2025T22:12:17 - [MESSAGE][WARNING] - A browser is already opened. Closing browser and opening a new one

30-10-2025T22:12:17 - [MESSAGE][INFO] - Starting 'Chrome' driver

30-10-2025T22:12:17 - [MESSAGE][INFO] - Action delay is set to 0 milliseconds

30-10-2025T22:12:21 - [MESSAGE][PASSED] - Browser is opened with url: ''

30-10-2025T22:12:21 - [TEST_STEP][PASSED] - navigateToUrl("https://katalon-demo-cura.herokuapp.com/"): Navigate to 'https://katalon-demo-cura.herokuapp.com/' successfully

30-10-2025T22:12:22 - [MESSAGE][PASSED] - Navigate to 'https://katalon-demo-cura.herokuapp.com/' successfully

30-10-2025T22:12:22 - [TEST_STEP][PASSED] - click(findTestObject("Login Page/main_menu_toggle")): Object: 'Object Repository/Login Page/main_menu_toggle' is clicked on

30-10-2025T22:12:26 - [MESSAGE][PASSED] - Object: 'Object Repository/Login Page/main_menu_toggle' is clicked on

30-10-2025T22:12:26 - [TEST_STEP][PASSED] - click(findTestObject("Login Page/login_menu")): Object: 'Object Repository/Login Page/login_menu' is clicked on

30-10-2025T22:12:27 - [MESSAGE][PASSED] - Object: 'Object Repository/Login Page/login_menu' is clicked on

30-10-2025T22:12:27 - [TEST_STEP][PASSED] - setText(findTestObject("Login Page/input_username"), findTestData("Login User").getValue(1, 1)): Text 'John Doe' is set on object 'Object Repository/Login Page/input_username'

30-10-2025T22:12:28 - [MESSAGE][PASSED] - Text 'John Doe' is set on object 'Object Repository/Login Page/input_username'

30-10-2025T22:12:28 - [TEST_STEP][PASSED] - setText(findTestObject("Login Page/input_password"), findTestData("Login User").getValue(2, 1)): Text 'ThisIsNotAPassword' is set on object 'Object Repository/Login Page/input_password'

30-10-2025T22:12:28 - [MESSAGE][PASSED] - Text 'ThisIsNotAPassword' is set on object 'Object Repository/Login Page/input_password'

30-10-2025T22:12:28 - [TEST_STEP][PASSED] - click(findTestObject("Login Page/button_Login")): Object: 'Object Repository/Login Page/button_Login' is clicked on

30-10-2025T22:12:29 - [MESSAGE][PASSED] - Object: 'Object Repository/Login Page/button_Login' is clicked on

30-10-2025T22:12:29 - [TEST_STEP][PASSED] - selectOptionByValue(findTestObject("Make Appointment Page/select_facility"), findTestData("Make Appointment").getValue(1, 1), true): All options with value 'Seoul CURA Healthcare Center' are selected in object 'Object Repository/Make Appointment Page/select_facility'  using regular expression

30-10-2025T22:12:30 - [MESSAGE][PASSED] - All options with value 'Seoul CURA Healthcare Center' are selected in object 'Object Repository/Make Appointment Page/select_facility'  using regular expression

30-10-2025T22:12:30 - [TEST_STEP][PASSED] - check(findTestObject("Make Appointment Page/checkbox_hospital_readmission")): Object 'Object Repository/Make Appointment Page/checkbox_hospital_readmission' is checked

30-10-2025T22:12:31 - [MESSAGE][PASSED] - Object 'Object Repository/Make Appointment Page/checkbox_hospital_readmission' is checked

30-10-2025T22:12:31 - [TEST_STEP][PASSED] - check(findTestObject("Make Appointment Page/radio_program_medicare")): Object 'Object Repository/Make Appointment Page/radio_program_medicare' is checked

30-10-2025T22:12:31 - [MESSAGE][PASSED] - Object 'Object Repository/Make Appointment Page/radio_program_medicare' is checked

30-10-2025T22:12:31 - [TEST_STEP][PASSED] - setText(findTestObject("Make Appointment Page/input_visit_date"), ""): Text '' is set on object 'Object Repository/Make Appointment Page/input_visit_date'

30-10-2025T22:12:31 - [MESSAGE][PASSED] - Text '' is set on object 'Object Repository/Make Appointment Page/input_visit_date'

30-10-2025T22:12:31 - [TEST_STEP][PASSED] - setText(findTestObject("Make Appointment Page/textarea_comment"), findTestData("Make Appointment").getValue(3, 1)): Text 'No comments' is set on object 'Object Repository/Make Appointment Page/textarea_comment'

30-10-2025T22:12:32 - [MESSAGE][PASSED] - Text 'No comments' is set on object 'Object Repository/Make Appointment Page/textarea_comment'

30-10-2025T22:12:32 - [TEST_STEP][PASSED] - click(findTestObject("Make Appointment Page/button_Book Appointment")): Object: 'Object Repository/Make Appointment Page/button_Book Appointment' is clicked on

30-10-2025T22:12:32 - [MESSAGE][PASSED] - Object: 'Object Repository/Make Appointment Page/button_Book Appointment' is clicked on

30-10-2025T22:12:32 - [TEST_STEP][PASSED] - verifyElementNotPresent(findTestObject("Make Appointment Page/verify_Appointment Confirmation"), 10): Web element with id: 'Object Repository/Make Appointment Page/verify_Appointment Confirmation' located by 'By.xpath: //section[@id='summary']/div/div/div/h2' is not present after '10' second(s)

30-10-2025T22:12:33 - [MESSAGE][PASSED] - Web element with id: 'Object Repository/Make Appointment Page/verify_Appointment Confirmation' located by 'By.xpath: //section[@id='summary']/div/div/div/h2' is not present after '10' second(s)

30-10-2025T22:12:33 - [TEST_STEP][PASSED] - closeBrowser(): Browser is closed

30-10-2025T22:12:33 - [MESSAGE][PASSED] - Browser is closed]]></system-out>
         <system-err><![CDATA[]]></system-err>
      </testcase>
      <testcase name="Test Cases/Make Appointment/Successful Appointment Booking with no Check Apply for hospital readmission" time="22.334" classname="Test Cases/Make Appointment/Successful Appointment Booking with no Check Apply for hospital readmission" status="FAILED">
         <failure type="FAILED" message="Test Cases/Make Appointment/Successful Appointment Booking with no Check Apply for hospital readmission FAILED.&#xa;Reason:&#xa;com.kms.katalon.core.exception.StepFailedException: Verify element text of test object 'Object Repository/Make Appointment Page/verify_facility' FAILED.&#xa;	at com.kms.katalon.core.webui.keyword.internal.WebUIKeywordMain.stepFailed(WebUIKeywordMain.groovy:175)&#xa;	at com.kms.katalon.core.webui.keyword.internal.WebUIKeywordMain.runKeyword(WebUIKeywordMain.groovy:49)&#xa;	at com.kms.katalon.core.webui.keyword.builtin.VerifyElementTextKeyword.verifyElementText(VerifyElementTextKeyword.groovy:78)&#xa;	at com.kms.katalon.core.webui.keyword.builtin.VerifyElementTextKeyword.execute(VerifyElementTextKeyword.groovy:39)&#xa;	at com.kms.katalon.core.keyword.internal.KeywordExecutor.executeKeywordForPlatform(KeywordExecutor.groovy:79)&#xa;	at com.kms.katalon.core.webui.keyword.WebUiBuiltInKeywords.verifyElementText(WebUiBuiltInKeywords.groovy:5019)&#xa;	at Successful Appointment Booking with no Check Apply for hospital readmission.run(Successful Appointment Booking with no Check Apply for hospital readmission:51)&#xa;	at com.kms.katalon.core.main.ScriptEngine.run(ScriptEngine.java:194)&#xa;	at com.kms.katalon.core.main.ScriptEngine.runScriptAsRawText(ScriptEngine.java:119)&#xa;	at com.kms.katalon.core.main.TestCaseExecutor.runScript(TestCaseExecutor.java:486)&#xa;	at com.kms.katalon.core.main.TestCaseExecutor.doExecute(TestCaseExecutor.java:477)&#xa;	at com.kms.katalon.core.main.TestCaseExecutor.processExecutionPhase(TestCaseExecutor.java:456)&#xa;	at com.kms.katalon.core.main.TestCaseExecutor.accessMainPhase(TestCaseExecutor.java:448)&#xa;	at com.kms.katalon.core.main.TestCaseExecutor.execute(TestCaseExecutor.java:322)&#xa;	at com.kms.katalon.core.main.TestCaseExecutor.execute(TestCaseExecutor.java:406)&#xa;	at com.kms.katalon.core.main.TestCaseExecutor.execute(TestCaseExecutor.java:406)&#xa;	at com.kms.katalon.core.main.TestCaseExecutor.execute(TestCaseExecutor.java:406)&#xa;	at com.kms.katalon.core.common.CommonExecutor.accessTestCaseMainPhase(CommonExecutor.java:71)&#xa;	at com.kms.katalon.core.main.TestSuiteExecutor.accessTestSuiteMainPhase(TestSuiteExecutor.java:145)&#xa;	at com.kms.katalon.core.main.TestSuiteExecutor.execute(TestSuiteExecutor.java:104)&#xa;	at com.kms.katalon.core.main.TestCaseMain.startTestSuite(TestCaseMain.java:205)&#xa;	at TempTestSuite1761836963273.run(TempTestSuite1761836963273.groovy:35)&#xa;	at java.base/jdk.internal.reflect.NativeMethodAccessorImpl.invoke0(Native Method)&#xa;	at java.base/jdk.internal.reflect.NativeMethodAccessorImpl.invoke(NativeMethodAccessorImpl.java:77)&#xa;	at java.base/jdk.internal.reflect.DelegatingMethodAccessorImpl.invoke(DelegatingMethodAccessorImpl.java:43)&#xa;Caused by: com.kms.katalon.core.exception.StepFailedException: com.kms.katalon.core.webui.exception.WebElementNotFoundException: Web element with id: 'Object Repository/Make Appointment Page/verify_facility' located by '//p[@id='facility']' not found&#xa;	at com.kms.katalon.core.webui.keyword.internal.WebUIKeywordMain.stepFailed(WebUIKeywordMain.groovy:175)&#xa;	at com.kms.katalon.core.webui.keyword.builtin.VerifyElementTextKeyword$_verifyElementText_closure1.doCall(VerifyElementTextKeyword.groovy:70)&#xa;	at com.kms.katalon.core.webui.keyword.builtin.VerifyElementTextKeyword$_verifyElementText_closure1.call(VerifyElementTextKeyword.groovy)&#xa;	at com.kms.katalon.core.webui.keyword.internal.WebUIKeywordMain.runKeyword(WebUIKeywordMain.groovy:41)&#xa;	... 23 more&#xa;"/>
         <system-out><![CDATA[30-10-2025T22:13:42 - [TEST_CASE][FAILED] - Test Cases/Make Appointment/Successful Appointment Booking with no Check Apply for hospital readmission: Test Cases/Make Appointment/Successful Appointment Booking with no Check Apply for hospital readmission FAILED.
Reason:
com.kms.katalon.core.exception.StepFailedException: Verify element text of test object 'Object Repository/Make Appointment Page/verify_facility' FAILED.
	at com.kms.katalon.core.webui.keyword.internal.WebUIKeywordMain.stepFailed(WebUIKeywordMain.groovy:175)
	at com.kms.katalon.core.webui.keyword.internal.WebUIKeywordMain.runKeyword(WebUIKeywordMain.groovy:49)
	at com.kms.katalon.core.webui.keyword.builtin.VerifyElementTextKeyword.verifyElementText(VerifyElementTextKeyword.groovy:78)
	at com.kms.katalon.core.webui.keyword.builtin.VerifyElementTextKeyword.execute(VerifyElementTextKeyword.groovy:39)
	at com.kms.katalon.core.keyword.internal.KeywordExecutor.executeKeywordForPlatform(KeywordExecutor.groovy:79)
	at com.kms.katalon.core.webui.keyword.WebUiBuiltInKeywords.verifyElementText(WebUiBuiltInKeywords.groovy:5019)
	at Successful Appointment Booking with no Check Apply for hospital readmission.run(Successful Appointment Booking with no Check Apply for hospital readmission:51)
	at com.kms.katalon.core.main.ScriptEngine.run(ScriptEngine.java:194)
	at com.kms.katalon.core.main.ScriptEngine.runScriptAsRawText(ScriptEngine.java:119)
	at com.kms.katalon.core.main.TestCaseExecutor.runScript(TestCaseExecutor.java:486)
	at com.kms.katalon.core.main.TestCaseExecutor.doExecute(TestCaseExecutor.java:477)
	at com.kms.katalon.core.main.TestCaseExecutor.processExecutionPhase(TestCaseExecutor.java:456)
	at com.kms.katalon.core.main.TestCaseExecutor.accessMainPhase(TestCaseExecutor.java:448)
	at com.kms.katalon.core.main.TestCaseExecutor.execute(TestCaseExecutor.java:322)
	at com.kms.katalon.core.main.TestCaseExecutor.execute(TestCaseExecutor.java:406)
	at com.kms.katalon.core.main.TestCaseExecutor.execute(TestCaseExecutor.java:406)
	at com.kms.katalon.core.main.TestCaseExecutor.execute(TestCaseExecutor.java:406)
	at com.kms.katalon.core.common.CommonExecutor.accessTestCaseMainPhase(CommonExecutor.java:71)
	at com.kms.katalon.core.main.TestSuiteExecutor.accessTestSuiteMainPhase(TestSuiteExecutor.java:145)
	at com.kms.katalon.core.main.TestSuiteExecutor.execute(TestSuiteExecutor.java:104)
	at com.kms.katalon.core.main.TestCaseMain.startTestSuite(TestCaseMain.java:205)
	at TempTestSuite1761836963273.run(TempTestSuite1761836963273.groovy:35)
	at java.base/jdk.internal.reflect.NativeMethodAccessorImpl.invoke0(Native Method)
	at java.base/jdk.internal.reflect.NativeMethodAccessorImpl.invoke(NativeMethodAccessorImpl.java:77)
	at java.base/jdk.internal.reflect.DelegatingMethodAccessorImpl.invoke(DelegatingMethodAccessorImpl.java:43)
Caused by: com.kms.katalon.core.exception.StepFailedException: com.kms.katalon.core.webui.exception.WebElementNotFoundException: Web element with id: 'Object Repository/Make Appointment Page/verify_facility' located by '//p[@id='facility']' not found
	at com.kms.katalon.core.webui.keyword.internal.WebUIKeywordMain.stepFailed(WebUIKeywordMain.groovy:175)
	at com.kms.katalon.core.webui.keyword.builtin.VerifyElementTextKeyword$_verifyElementText_closure1.doCall(VerifyElementTextKeyword.groovy:70)
	at com.kms.katalon.core.webui.keyword.builtin.VerifyElementTextKeyword$_verifyElementText_closure1.call(VerifyElementTextKeyword.groovy)
	at com.kms.katalon.core.webui.keyword.internal.WebUIKeywordMain.runKeyword(WebUIKeywordMain.groovy:41)
	... 23 more


30-10-2025T22:13:42 - [TEST_STEP][PASSED] - openBrowser(""): Browser is opened with url: ''

30-10-2025T22:13:42 - [MESSAGE][WARNING] - A browser is already opened. Closing browser and opening a new one

30-10-2025T22:13:42 - [MESSAGE][INFO] - Starting 'Chrome' driver

30-10-2025T22:13:42 - [MESSAGE][INFO] - Action delay is set to 0 milliseconds

30-10-2025T22:13:44 - [MESSAGE][PASSED] - Browser is opened with url: ''

30-10-2025T22:13:44 - [TEST_STEP][PASSED] - navigateToUrl("https://katalon-demo-cura.herokuapp.com/"): Navigate to 'https://katalon-demo-cura.herokuapp.com/' successfully

30-10-2025T22:13:45 - [MESSAGE][PASSED] - Navigate to 'https://katalon-demo-cura.herokuapp.com/' successfully

30-10-2025T22:13:45 - [TEST_STEP][PASSED] - click(findTestObject("Login Page/main_menu_toggle")): Object: 'Object Repository/Login Page/main_menu_toggle' is clicked on

30-10-2025T22:13:48 - [MESSAGE][PASSED] - Object: 'Object Repository/Login Page/main_menu_toggle' is clicked on

30-10-2025T22:13:48 - [TEST_STEP][PASSED] - click(findTestObject("Login Page/login_menu")): Object: 'Object Repository/Login Page/login_menu' is clicked on

30-10-2025T22:13:49 - [MESSAGE][PASSED] - Object: 'Object Repository/Login Page/login_menu' is clicked on

30-10-2025T22:13:49 - [TEST_STEP][PASSED] - setText(findTestObject("Login Page/input_username"), findTestData("Login User").getValue(1, 1)): Text 'John Doe' is set on object 'Object Repository/Login Page/input_username'

30-10-2025T22:13:49 - [MESSAGE][PASSED] - Text 'John Doe' is set on object 'Object Repository/Login Page/input_username'

30-10-2025T22:13:49 - [TEST_STEP][PASSED] - setText(findTestObject("Login Page/input_password"), findTestData("Login User").getValue(2, 1)): Text 'ThisIsNotAPassword' is set on object 'Object Repository/Login Page/input_password'

30-10-2025T22:13:50 - [MESSAGE][PASSED] - Text 'ThisIsNotAPassword' is set on object 'Object Repository/Login Page/input_password'

30-10-2025T22:13:50 - [TEST_STEP][PASSED] - click(findTestObject("Login Page/button_Login")): Object: 'Object Repository/Login Page/button_Login' is clicked on

30-10-2025T22:13:51 - [MESSAGE][PASSED] - Object: 'Object Repository/Login Page/button_Login' is clicked on

30-10-2025T22:13:51 - [TEST_STEP][PASSED] - selectOptionByValue(findTestObject("Make Appointment Page/select_facility"), findTestData("Make Appointment").getValue(1, 1), true): All options with value 'Seoul CURA Healthcare Center' are selected in object 'Object Repository/Make Appointment Page/select_facility'  using regular expression

30-10-2025T22:13:52 - [MESSAGE][PASSED] - All options with value 'Seoul CURA Healthcare Center' are selected in object 'Object Repository/Make Appointment Page/select_facility'  using regular expression

30-10-2025T22:13:52 - [TEST_STEP][PASSED] - check(findTestObject("Make Appointment Page/radio_program_medicare")): Object 'Object Repository/Make Appointment Page/radio_program_medicare' is checked

30-10-2025T22:13:52 - [MESSAGE][PASSED] - Object 'Object Repository/Make Appointment Page/radio_program_medicare' is checked

30-10-2025T22:13:52 - [TEST_STEP][PASSED] - setText(findTestObject("Make Appointment Page/input_visit_date"), findTestData("Make Appointment").getValue(2, 1)): Text '20/11/2024' is set on object 'Object Repository/Make Appointment Page/input_visit_date'

30-10-2025T22:13:52 - [MESSAGE][PASSED] - Text '20/11/2024' is set on object 'Object Repository/Make Appointment Page/input_visit_date'

30-10-2025T22:13:52 - [TEST_STEP][PASSED] - setText(findTestObject("Make Appointment Page/textarea_comment"), findTestData("Make Appointment").getValue(3, 1)): Text 'No comments' is set on object 'Object Repository/Make Appointment Page/textarea_comment'

30-10-2025T22:13:53 - [MESSAGE][PASSED] - Text 'No comments' is set on object 'Object Repository/Make Appointment Page/textarea_comment'

30-10-2025T22:13:53 - [TEST_STEP][PASSED] - click(findTestObject("Make Appointment Page/button_Book Appointment")): Object: 'Object Repository/Make Appointment Page/button_Book Appointment' is clicked on

30-10-2025T22:13:53 - [MESSAGE][PASSED] - Object: 'Object Repository/Make Appointment Page/button_Book Appointment' is clicked on

30-10-2025T22:13:53 - [TEST_STEP][FAILED] - verifyElementText(findTestObject("Make Appointment Page/verify_facility"), findTestData("Make Appointment").getValue(1, 1)): Verify element text of test object 'Object Repository/Make Appointment Page/verify_facility' FAILED. (Root cause: com.kms.katalon.core.exception.StepFailedException: Verify element text of test object 'Object Repository/Make Appointment Page/verify_facility' FAILED.
	at com.kms.katalon.core.webui.keyword.internal.WebUIKeywordMain.stepFailed(WebUIKeywordMain.groovy:175)
	at com.kms.katalon.core.webui.keyword.internal.WebUIKeywordMain.runKeyword(WebUIKeywordMain.groovy:49)
	at com.kms.katalon.core.webui.keyword.builtin.VerifyElementTextKeyword.verifyElementText(VerifyElementTextKeyword.groovy:78)
	at com.kms.katalon.core.webui.keyword.builtin.VerifyElementTextKeyword.execute(VerifyElementTextKeyword.groovy:39)
	at com.kms.katalon.core.keyword.internal.KeywordExecutor.executeKeywordForPlatform(KeywordExecutor.groovy:79)
	at com.kms.katalon.core.webui.keyword.WebUiBuiltInKeywords.verifyElementText(WebUiBuiltInKeywords.groovy:5019)
	at Successful Appointment Booking with no Check Apply for hospital readmission.run(Successful Appointment Booking with no Check Apply for hospital readmission:51)
	at com.kms.katalon.core.main.ScriptEngine.run(ScriptEngine.java:194)
	at com.kms.katalon.core.main.ScriptEngine.runScriptAsRawText(ScriptEngine.java:119)
	at com.kms.katalon.core.main.TestCaseExecutor.runScript(TestCaseExecutor.java:486)
	at com.kms.katalon.core.main.TestCaseExecutor.doExecute(TestCaseExecutor.java:477)
	at com.kms.katalon.core.main.TestCaseExecutor.processExecutionPhase(TestCaseExecutor.java:456)
	at com.kms.katalon.core.main.TestCaseExecutor.accessMainPhase(TestCaseExecutor.java:448)
	at com.kms.katalon.core.main.TestCaseExecutor.execute(TestCaseExecutor.java:322)
	at com.kms.katalon.core.main.TestCaseExecutor.execute(TestCaseExecutor.java:406)
	at com.kms.katalon.core.main.TestCaseExecutor.execute(TestCaseExecutor.java:406)
	at com.kms.katalon.core.main.TestCaseExecutor.execute(TestCaseExecutor.java:406)
	at com.kms.katalon.core.common.CommonExecutor.accessTestCaseMainPhase(CommonExecutor.java:71)
	at com.kms.katalon.core.main.TestSuiteExecutor.accessTestSuiteMainPhase(TestSuiteExecutor.java:145)
	at com.kms.katalon.core.main.TestSuiteExecutor.execute(TestSuiteExecutor.java:104)
	at com.kms.katalon.core.main.TestCaseMain.startTestSuite(TestCaseMain.java:205)
	at TempTestSuite1761836963273.run(TempTestSuite1761836963273.groovy:35)
	at java.base/jdk.internal.reflect.NativeMethodAccessorImpl.invoke0(Native Method)
	at java.base/jdk.internal.reflect.NativeMethodAccessorImpl.invoke(NativeMethodAccessorImpl.java:77)
	at java.base/jdk.internal.reflect.DelegatingMethodAccessorImpl.invoke(DelegatingMethodAccessorImpl.java:43)
Caused by: com.kms.katalon.core.exception.StepFailedException: com.kms.katalon.core.webui.exception.WebElementNotFoundException: Web element with id: 'Object Repository/Make Appointment Page/verify_facility' located by '//p[@id='facility']' not found
	at com.kms.katalon.core.webui.keyword.internal.WebUIKeywordMain.stepFailed(WebUIKeywordMain.groovy:175)
	at com.kms.katalon.core.webui.keyword.builtin.VerifyElementTextKeyword$_verifyElementText_closure1.doCall(VerifyElementTextKeyword.groovy:70)
	at com.kms.katalon.core.webui.keyword.builtin.VerifyElementTextKeyword$_verifyElementText_closure1.call(VerifyElementTextKeyword.groovy)
	at com.kms.katalon.core.webui.keyword.internal.WebUIKeywordMain.runKeyword(WebUIKeywordMain.groovy:41)
	... 23 more
)

30-10-2025T22:14:04 - [MESSAGE][INFO] - Unable to find the element located by 'By.xpath: //p[@id='facility']'. Please recheck the objects properties to make sure the desired element is located. 

30-10-2025T22:14:05 - [MESSAGE][FAILED] - com.kms.katalon.core.webui.exception.WebElementNotFoundException: Web element with id: 'Object Repository/Make Appointment Page/verify_facility' located by '//p[@id='facility']' not found (Root cause: com.kms.katalon.core.exception.StepFailedException: com.kms.katalon.core.webui.exception.WebElementNotFoundException: Web element with id: 'Object Repository/Make Appointment Page/verify_facility' located by '//p[@id='facility']' not found
	at com.kms.katalon.core.webui.keyword.internal.WebUIKeywordMain.stepFailed(WebUIKeywordMain.groovy:175)
	at com.kms.katalon.core.webui.keyword.builtin.VerifyElementTextKeyword$_verifyElementText_closure1.doCall(VerifyElementTextKeyword.groovy:70)
	at com.kms.katalon.core.webui.keyword.builtin.VerifyElementTextKeyword$_verifyElementText_closure1.call(VerifyElementTextKeyword.groovy)
	at com.kms.katalon.core.webui.keyword.internal.WebUIKeywordMain.runKeyword(WebUIKeywordMain.groovy:41)
	at com.kms.katalon.core.webui.keyword.builtin.VerifyElementTextKeyword.verifyElementText(VerifyElementTextKeyword.groovy:78)
	at com.kms.katalon.core.webui.keyword.builtin.VerifyElementTextKeyword.execute(VerifyElementTextKeyword.groovy:39)
	at com.kms.katalon.core.keyword.internal.KeywordExecutor.executeKeywordForPlatform(KeywordExecutor.groovy:79)
	at com.kms.katalon.core.webui.keyword.WebUiBuiltInKeywords.verifyElementText(WebUiBuiltInKeywords.groovy:5019)
	at Successful Appointment Booking with no Check Apply for hospital readmission.run(Successful Appointment Booking with no Check Apply for hospital readmission:51)
	at com.kms.katalon.core.main.ScriptEngine.run(ScriptEngine.java:194)
	at com.kms.katalon.core.main.ScriptEngine.runScriptAsRawText(ScriptEngine.java:119)
	at com.kms.katalon.core.main.TestCaseExecutor.runScript(TestCaseExecutor.java:486)
	at com.kms.katalon.core.main.TestCaseExecutor.doExecute(TestCaseExecutor.java:477)
	at com.kms.katalon.core.main.TestCaseExecutor.processExecutionPhase(TestCaseExecutor.java:456)
	at com.kms.katalon.core.main.TestCaseExecutor.accessMainPhase(TestCaseExecutor.java:448)
	at com.kms.katalon.core.main.TestCaseExecutor.execute(TestCaseExecutor.java:322)
	at com.kms.katalon.core.main.TestCaseExecutor.execute(TestCaseExecutor.java:406)
	at com.kms.katalon.core.main.TestCaseExecutor.execute(TestCaseExecutor.java:406)
	at com.kms.katalon.core.main.TestCaseExecutor.execute(TestCaseExecutor.java:406)
	at com.kms.katalon.core.common.CommonExecutor.accessTestCaseMainPhase(CommonExecutor.java:71)
	at com.kms.katalon.core.main.TestSuiteExecutor.accessTestSuiteMainPhase(TestSuiteExecutor.java:145)
	at com.kms.katalon.core.main.TestSuiteExecutor.execute(TestSuiteExecutor.java:104)
	at com.kms.katalon.core.main.TestCaseMain.startTestSuite(TestCaseMain.java:205)
	at TempTestSuite1761836963273.run(TempTestSuite1761836963273.groovy:35)
	at java.base/jdk.internal.reflect.NativeMethodAccessorImpl.invoke0(Native Method)
	at java.base/jdk.internal.reflect.NativeMethodAccessorImpl.invoke(NativeMethodAccessorImpl.java:77)
	at java.base/jdk.internal.reflect.DelegatingMethodAccessorImpl.invoke(DelegatingMethodAccessorImpl.java:43)
)
[[ATTACHMENT|/Users/fina/Downloads/angga-main-kawanlama/Reports/20251030_220923/KawanLama Test/20251030_220923/1761837244996.png]]

30-10-2025T22:14:05 - [MESSAGE][FAILED] - Verify element text of test object 'Object Repository/Make Appointment Page/verify_facility' FAILED. (Root cause: com.kms.katalon.core.exception.StepFailedException: Verify element text of test object 'Object Repository/Make Appointment Page/verify_facility' FAILED.
	at com.kms.katalon.core.webui.keyword.internal.WebUIKeywordMain.stepFailed(WebUIKeywordMain.groovy:175)
	at com.kms.katalon.core.webui.keyword.internal.WebUIKeywordMain.runKeyword(WebUIKeywordMain.groovy:49)
	at com.kms.katalon.core.webui.keyword.builtin.VerifyElementTextKeyword.verifyElementText(VerifyElementTextKeyword.groovy:78)
	at com.kms.katalon.core.webui.keyword.builtin.VerifyElementTextKeyword.execute(VerifyElementTextKeyword.groovy:39)
	at com.kms.katalon.core.keyword.internal.KeywordExecutor.executeKeywordForPlatform(KeywordExecutor.groovy:79)
	at com.kms.katalon.core.webui.keyword.WebUiBuiltInKeywords.verifyElementText(WebUiBuiltInKeywords.groovy:5019)
	at Successful Appointment Booking with no Check Apply for hospital readmission.run(Successful Appointment Booking with no Check Apply for hospital readmission:51)
	at com.kms.katalon.core.main.ScriptEngine.run(ScriptEngine.java:194)
	at com.kms.katalon.core.main.ScriptEngine.runScriptAsRawText(ScriptEngine.java:119)
	at com.kms.katalon.core.main.TestCaseExecutor.runScript(TestCaseExecutor.java:486)
	at com.kms.katalon.core.main.TestCaseExecutor.doExecute(TestCaseExecutor.java:477)
	at com.kms.katalon.core.main.TestCaseExecutor.processExecutionPhase(TestCaseExecutor.java:456)
	at com.kms.katalon.core.main.TestCaseExecutor.accessMainPhase(TestCaseExecutor.java:448)
	at com.kms.katalon.core.main.TestCaseExecutor.execute(TestCaseExecutor.java:322)
	at com.kms.katalon.core.main.TestCaseExecutor.execute(TestCaseExecutor.java:406)
	at com.kms.katalon.core.main.TestCaseExecutor.execute(TestCaseExecutor.java:406)
	at com.kms.katalon.core.main.TestCaseExecutor.execute(TestCaseExecutor.java:406)
	at com.kms.katalon.core.common.CommonExecutor.accessTestCaseMainPhase(CommonExecutor.java:71)
	at com.kms.katalon.core.main.TestSuiteExecutor.accessTestSuiteMainPhase(TestSuiteExecutor.java:145)
	at com.kms.katalon.core.main.TestSuiteExecutor.execute(TestSuiteExecutor.java:104)
	at com.kms.katalon.core.main.TestCaseMain.startTestSuite(TestCaseMain.java:205)
	at TempTestSuite1761836963273.run(TempTestSuite1761836963273.groovy:35)
	at java.base/jdk.internal.reflect.NativeMethodAccessorImpl.invoke0(Native Method)
	at java.base/jdk.internal.reflect.NativeMethodAccessorImpl.invoke(NativeMethodAccessorImpl.java:77)
	at java.base/jdk.internal.reflect.DelegatingMethodAccessorImpl.invoke(DelegatingMethodAccessorImpl.java:43)
Caused by: com.kms.katalon.core.exception.StepFailedException: com.kms.katalon.core.webui.exception.WebElementNotFoundException: Web element with id: 'Object Repository/Make Appointment Page/verify_facility' located by '//p[@id='facility']' not found
	at com.kms.katalon.core.webui.keyword.internal.WebUIKeywordMain.stepFailed(WebUIKeywordMain.groovy:175)
	at com.kms.katalon.core.webui.keyword.builtin.VerifyElementTextKeyword$_verifyElementText_closure1.doCall(VerifyElementTextKeyword.groovy:70)
	at com.kms.katalon.core.webui.keyword.builtin.VerifyElementTextKeyword$_verifyElementText_closure1.call(VerifyElementTextKeyword.groovy)
	at com.kms.katalon.core.webui.keyword.internal.WebUIKeywordMain.runKeyword(WebUIKeywordMain.groovy:41)
	... 23 more
)
[[ATTACHMENT|/Users/fina/Downloads/angga-main-kawanlama/Reports/20251030_220923/KawanLama Test/20251030_220923/1761837245121.png]]]]></system-out>
         <system-err><![CDATA[30-10-2025T22:13:42 - [TEST_CASE][FAILED] - Test Cases/Make Appointment/Successful Appointment Booking with no Check Apply for hospital readmission: Test Cases/Make Appointment/Successful Appointment Booking with no Check Apply for hospital readmission FAILED.
Reason:
com.kms.katalon.core.exception.StepFailedException: Verify element text of test object 'Object Repository/Make Appointment Page/verify_facility' FAILED.
	at com.kms.katalon.core.webui.keyword.internal.WebUIKeywordMain.stepFailed(WebUIKeywordMain.groovy:175)
	at com.kms.katalon.core.webui.keyword.internal.WebUIKeywordMain.runKeyword(WebUIKeywordMain.groovy:49)
	at com.kms.katalon.core.webui.keyword.builtin.VerifyElementTextKeyword.verifyElementText(VerifyElementTextKeyword.groovy:78)
	at com.kms.katalon.core.webui.keyword.builtin.VerifyElementTextKeyword.execute(VerifyElementTextKeyword.groovy:39)
	at com.kms.katalon.core.keyword.internal.KeywordExecutor.executeKeywordForPlatform(KeywordExecutor.groovy:79)
	at com.kms.katalon.core.webui.keyword.WebUiBuiltInKeywords.verifyElementText(WebUiBuiltInKeywords.groovy:5019)
	at Successful Appointment Booking with no Check Apply for hospital readmission.run(Successful Appointment Booking with no Check Apply for hospital readmission:51)
	at com.kms.katalon.core.main.ScriptEngine.run(ScriptEngine.java:194)
	at com.kms.katalon.core.main.ScriptEngine.runScriptAsRawText(ScriptEngine.java:119)
	at com.kms.katalon.core.main.TestCaseExecutor.runScript(TestCaseExecutor.java:486)
	at com.kms.katalon.core.main.TestCaseExecutor.doExecute(TestCaseExecutor.java:477)
	at com.kms.katalon.core.main.TestCaseExecutor.processExecutionPhase(TestCaseExecutor.java:456)
	at com.kms.katalon.core.main.TestCaseExecutor.accessMainPhase(TestCaseExecutor.java:448)
	at com.kms.katalon.core.main.TestCaseExecutor.execute(TestCaseExecutor.java:322)
	at com.kms.katalon.core.main.TestCaseExecutor.execute(TestCaseExecutor.java:406)
	at com.kms.katalon.core.main.TestCaseExecutor.execute(TestCaseExecutor.java:406)
	at com.kms.katalon.core.main.TestCaseExecutor.execute(TestCaseExecutor.java:406)
	at com.kms.katalon.core.common.CommonExecutor.accessTestCaseMainPhase(CommonExecutor.java:71)
	at com.kms.katalon.core.main.TestSuiteExecutor.accessTestSuiteMainPhase(TestSuiteExecutor.java:145)
	at com.kms.katalon.core.main.TestSuiteExecutor.execute(TestSuiteExecutor.java:104)
	at com.kms.katalon.core.main.TestCaseMain.startTestSuite(TestCaseMain.java:205)
	at TempTestSuite1761836963273.run(TempTestSuite1761836963273.groovy:35)
	at java.base/jdk.internal.reflect.NativeMethodAccessorImpl.invoke0(Native Method)
	at java.base/jdk.internal.reflect.NativeMethodAccessorImpl.invoke(NativeMethodAccessorImpl.java:77)
	at java.base/jdk.internal.reflect.DelegatingMethodAccessorImpl.invoke(DelegatingMethodAccessorImpl.java:43)
Caused by: com.kms.katalon.core.exception.StepFailedException: com.kms.katalon.core.webui.exception.WebElementNotFoundException: Web element with id: 'Object Repository/Make Appointment Page/verify_facility' located by '//p[@id='facility']' not found
	at com.kms.katalon.core.webui.keyword.internal.WebUIKeywordMain.stepFailed(WebUIKeywordMain.groovy:175)
	at com.kms.katalon.core.webui.keyword.builtin.VerifyElementTextKeyword$_verifyElementText_closure1.doCall(VerifyElementTextKeyword.groovy:70)
	at com.kms.katalon.core.webui.keyword.builtin.VerifyElementTextKeyword$_verifyElementText_closure1.call(VerifyElementTextKeyword.groovy)
	at com.kms.katalon.core.webui.keyword.internal.WebUIKeywordMain.runKeyword(WebUIKeywordMain.groovy:41)
	... 23 more]]></system-err>
      </testcase>
      <system-out><![CDATA[30-10-2025T22:09:24 - [TEST_SUITE][FAILED] - KawanLama Test: null]]></system-out>
      <system-err><![CDATA[30-10-2025T22:09:24 - [TEST_SUITE][FAILED] - KawanLama Test: null]]></system-err>
   </testsuite>
</testsuites>
